# JRE version: OpenJDK Runtime Environment (11.0.15) (build 11.0.15+0-b2043.56-9505619)
# Java VM: OpenJDK 64-Bit Server VM (11.0.15+0-b2043.56-9505619, mixed mode, tiered, compressed oops, g1 gc, windows-amd64)
Heap:
 garbage-first heap   total 310272K, used 241044K [0x0000000080000000, 0x0000000100000000)
  region size 1024K, 167 young (171008K), 12 survivors (12288K)
 Metaspace       used 92048K, capacity 94829K, committed 94876K, reserved 1132544K
  class space    used 11717K, capacity 12772K, committed 12800K, reserved 1048576K
GC Heap History (20 events):
Event: 1.072 GC heap after
{Heap after GC invocations=1 (full 0):
 garbage-first heap   total 258048K, used 9161K [0x0000000080000000, 0x0000000100000000)
  region size 1024K, 3 young (3072K), 3 survivors (3072K)
 Metaspace       used 9768K, capacity 9956K, committed 10112K, reserved 1058816K
  class space    used 998K, capacity 1069K, committed 1152K, reserved 1048576K
}
Event: 2.904 GC heap before
{Heap before GC invocations=1 (full 0):
 garbage-first heap   total 258048K, used 107465K [0x0000000080000000, 0x0000000100000000)
  region size 1024K, 99 young (101376K), 3 survivors (3072K)
 Metaspace       used 20813K, capacity 21189K, committed 21296K, reserved 1069056K
  class space    used 2526K, capacity 2687K, committed 2688K, reserved 1048576K
}
Event: 2.917 GC heap after
{Heap after GC invocations=2 (full 0):
 garbage-first heap   total 258048K, used 17485K [0x0000000080000000, 0x0000000100000000)
  region size 1024K, 12 young (12288K), 12 survivors (12288K)
 Metaspace       used 20813K, capacity 21189K, committed 21296K, reserved 1069056K
  class space    used 2526K, capacity 2687K, committed 2688K, reserved 1048576K
}
Event: 3.226 GC heap before
{Heap before GC invocations=3 (full 0):
 garbage-first heap   total 258048K, used 43085K [0x0000000080000000, 0x0000000100000000)
  region size 1024K, 38 young (38912K), 12 survivors (12288K)
 Metaspace       used 23463K, capacity 23977K, committed 24192K, reserved 1071104K
  class space    used 2962K, capacity 3173K, committed 3200K, reserved 1048576K
}
Event: 3.235 GC heap after
{Heap after GC invocations=4 (full 0):
 garbage-first heap   total 258048K, used 18053K [0x0000000080000000, 0x0000000100000000)
  region size 1024K, 2 young (2048K), 2 survivors (2048K)
 Metaspace       used 23463K, capacity 23977K, committed 24192K, reserved 1071104K
  class space    used 2962K, capacity 3173K, committed 3200K, reserved 1048576K
}
Event: 4.560 GC heap before
{Heap before GC invocations=4 (full 0):
 garbage-first heap   total 258048K, used 112261K [0x0000000080000000, 0x0000000100000000)
  region size 1024K, 95 young (97280K), 2 survivors (2048K)
 Metaspace       used 35011K, capacity 35889K, committed 35968K, reserved 1081344K
  class space    used 4568K, capacity 4921K, committed 4992K, reserved 1048576K
}
Event: 4.572 GC heap after
{Heap after GC invocations=5 (full 0):
 garbage-first heap   total 258048K, used 22350K [0x0000000080000000, 0x0000000100000000)
  region size 1024K, 6 young (6144K), 6 survivors (6144K)
 Metaspace       used 35011K, capacity 35889K, committed 35968K, reserved 1081344K
  class space    used 4568K, capacity 4921K, committed 4992K, reserved 1048576K
}
Event: 6.295 GC heap before
{Heap before GC invocations=6 (full 0):
 garbage-first heap   total 258048K, used 154446K [0x0000000080000000, 0x0000000100000000)
  region size 1024K, 132 young (135168K), 6 survivors (6144K)
 Metaspace       used 46457K, capacity 47541K, committed 47772K, reserved 1091584K
  class space    used 5930K, capacity 6336K, committed 6400K, reserved 1048576K
}
Event: 6.315 GC heap after
{Heap after GC invocations=7 (full 0):
 garbage-first heap   total 258048K, used 30490K [0x0000000080000000, 0x0000000100000000)
  region size 1024K, 14 young (14336K), 14 survivors (14336K)
 Metaspace       used 46457K, capacity 47541K, committed 47772K, reserved 1091584K
  class space    used 5930K, capacity 6336K, committed 6400K, reserved 1048576K
}
Event: 8.056 GC heap before
{Heap before GC invocations=7 (full 0):
 garbage-first heap   total 258048K, used 172826K [0x0000000080000000, 0x0000000100000000)
  region size 1024K, 151 young (154624K), 14 survivors (14336K)
 Metaspace       used 57115K, capacity 58520K, committed 58652K, reserved 1099776K
  class space    used 7169K, capacity 7758K, committed 7808K, reserved 1048576K
}
Event: 8.079 GC heap after
{Heap after GC invocations=8 (full 0):
 garbage-first heap   total 258048K, used 41526K [0x0000000080000000, 0x0000000100000000)
  region size 1024K, 18 young (18432K), 18 survivors (18432K)
 Metaspace       used 57115K, capacity 58520K, committed 58652K, reserved 1099776K
  class space    used 7169K, capacity 7758K, committed 7808K, reserved 1048576K
}
Event: 8.329 GC heap before
{Heap before GC invocations=8 (full 0):
 garbage-first heap   total 258048K, used 52790K [0x0000000080000000, 0x0000000100000000)
  region size 1024K, 30 young (30720K), 18 survivors (18432K)
 Metaspace       used 58875K, capacity 60441K, committed 60572K, reserved 1101824K
  class space    used 7439K, capacity 8066K, committed 8192K, reserved 1048576K
}
Event: 8.349 GC heap after
{Heap after GC invocations=9 (full 0):
 garbage-first heap   total 258048K, used 43465K [0x0000000080000000, 0x0000000100000000)
  region size 1024K, 12 young (12288K), 12 survivors (12288K)
 Metaspace       used 58875K, capacity 60441K, committed 60572K, reserved 1101824K
  class space    used 7439K, capacity 8066K, committed 8192K, reserved 1048576K
}
Event: 10.383 GC heap before
{Heap before GC invocations=10 (full 0):
 garbage-first heap   total 258048K, used 193993K [0x0000000080000000, 0x0000000100000000)
  region size 1024K, 151 young (154624K), 12 survivors (12288K)
 Metaspace       used 67867K, capacity 69594K, committed 69660K, reserved 1110016K
  class space    used 8601K, capacity 9303K, committed 9344K, reserved 1048576K
}
Event: 10.401 GC heap after
{Heap after GC invocations=11 (full 0):
 garbage-first heap   total 310272K, used 53118K [0x0000000080000000, 0x0000000100000000)
  region size 1024K, 19 young (19456K), 19 survivors (19456K)
 Metaspace       used 67867K, capacity 69594K, committed 69660K, reserved 1110016K
  class space    used 8601K, capacity 9303K, committed 9344K, reserved 1048576K
}
Event: 12.785 GC heap before
{Heap before GC invocations=11 (full 0):
 garbage-first heap   total 310272K, used 219006K [0x0000000080000000, 0x0000000100000000)
  region size 1024K, 181 young (185344K), 19 survivors (19456K)
 Metaspace       used 81670K, capacity 83672K, committed 83868K, reserved 1122304K
  class space    used 10650K, capacity 11408K, committed 11520K, reserved 1048576K
}
Event: 12.807 GC heap after
{Heap after GC invocations=12 (full 0):
 garbage-first heap   total 310272K, used 66325K [0x0000000080000000, 0x0000000100000000)
  region size 1024K, 23 young (23552K), 23 survivors (23552K)
 Metaspace       used 81670K, capacity 83672K, committed 83868K, reserved 1122304K
  class space    used 10650K, capacity 11408K, committed 11520K, reserved 1048576K
}
Event: 14.653 GC heap before
{Heap before GC invocations=12 (full 0):
 garbage-first heap   total 310272K, used 227093K [0x0000000080000000, 0x0000000100000000)
  region size 1024K, 181 young (185344K), 23 survivors (23552K)
 Metaspace       used 86749K, capacity 89408K, committed 89628K, reserved 1126400K
  class space    used 11309K, capacity 12310K, committed 12416K, reserved 1048576K
}
Event: 14.678 GC heap after
{Heap after GC invocations=13 (full 0):
 garbage-first heap   total 310272K, used 82324K [0x0000000080000000, 0x0000000100000000)
  region size 1024K, 17 young (17408K), 17 survivors (17408K)
 Metaspace       used 86749K, capacity 89408K, committed 89628K, reserved 1126400K
  class space    used 11309K, capacity 12310K, committed 12416K, reserved 1048576K
}
Event: 153.342 GC heap before
{Heap before GC invocations=13 (full 0):
 garbage-first heap   total 310272K, used 240020K [0x0000000080000000, 0x0000000100000000)
  region size 1024K, 172 young (176128K), 17 survivors (17408K)
 Metaspace       used 92048K, capacity 94829K, committed 94876K, reserved 1132544K
  class space    used 11717K, capacity 12772K, committed 12800K, reserved 1048576K
}

