# JRE version: OpenJDK Runtime Environment (11.0.15) (build 11.0.15+0-b2043.56-9505619)
# Java VM: OpenJDK 64-Bit Server VM (11.0.15+0-b2043.56-9505619, mixed mode, tiered, compressed oops, g1 gc, windows-amd64)
Heap:
 garbage-first heap   total 258048K, used 128509K [0x0000000080000000, 0x0000000100000000)
  region size 1024K, 45 young (46080K), 13 survivors (13312K)
 Metaspace       used 95414K, capacity 98259K, committed 98480K, reserved 1134592K
  class space    used 12117K, capacity 13208K, committed 13312K, reserved 1048576K
GC Heap History (20 events):
Event: 4.391 GC heap before
{Heap before GC invocations=5 (full 0):
 garbage-first heap   total 258048K, used 31308K [0x0000000080000000, 0x0000000100000000)
  region size 1024K, 15 young (15360K), 4 survivors (4096K)
 Metaspace       used 34930K, capacity 35729K, committed 35888K, reserved 1081344K
  class space    used 4557K, capacity 4889K, committed 4992K, reserved 1048576K
}
Event: 4.400 GC heap after
{Heap after GC invocations=6 (full 0):
 garbage-first heap   total 258048K, used 22533K [0x0000000080000000, 0x0000000100000000)
  region size 1024K, 6 young (6144K), 6 survivors (6144K)
 Metaspace       used 34930K, capacity 35729K, committed 35888K, reserved 1081344K
  class space    used 4557K, capacity 4889K, committed 4992K, reserved 1048576K
}
Event: 5.766 GC heap before
{Heap before GC invocations=7 (full 0):
 garbage-first heap   total 258048K, used 123909K [0x0000000080000000, 0x0000000100000000)
  region size 1024K, 103 young (105472K), 6 survivors (6144K)
 Metaspace       used 43813K, capacity 44832K, committed 44976K, reserved 1087488K
  class space    used 5626K, capacity 6032K, committed 6144K, reserved 1048576K
}
Event: 5.778 GC heap after
{Heap after GC invocations=8 (full 0):
 garbage-first heap   total 258048K, used 29980K [0x0000000080000000, 0x0000000100000000)
  region size 1024K, 13 young (13312K), 13 survivors (13312K)
 Metaspace       used 43813K, capacity 44832K, committed 44976K, reserved 1087488K
  class space    used 5626K, capacity 6032K, committed 6144K, reserved 1048576K
}
Event: 6.877 GC heap before
{Heap before GC invocations=8 (full 0):
 garbage-first heap   total 258048K, used 137500K [0x0000000080000000, 0x0000000100000000)
  region size 1024K, 116 young (118784K), 13 survivors (13312K)
 Metaspace       used 49567K, capacity 50879K, committed 51120K, reserved 1093632K
  class space    used 6306K, capacity 6819K, committed 6912K, reserved 1048576K
}
Event: 6.894 GC heap after
{Heap after GC invocations=9 (full 0):
 garbage-first heap   total 258048K, used 37334K [0x0000000080000000, 0x0000000100000000)
  region size 1024K, 13 young (13312K), 13 survivors (13312K)
 Metaspace       used 49567K, capacity 50879K, committed 51120K, reserved 1093632K
  class space    used 6306K, capacity 6819K, committed 6912K, reserved 1048576K
}
Event: 7.935 GC heap before
{Heap before GC invocations=9 (full 0):
 garbage-first heap   total 258048K, used 107990K [0x0000000080000000, 0x0000000100000000)
  region size 1024K, 83 young (84992K), 13 survivors (13312K)
 Metaspace       used 58537K, capacity 60097K, committed 60208K, reserved 1101824K
  class space    used 7400K, capacity 8016K, committed 8064K, reserved 1048576K
}
Event: 7.953 GC heap after
{Heap after GC invocations=10 (full 0):
 garbage-first heap   total 258048K, used 43059K [0x0000000080000000, 0x0000000100000000)
  region size 1024K, 12 young (12288K), 12 survivors (12288K)
 Metaspace       used 58537K, capacity 60097K, committed 60208K, reserved 1101824K
  class space    used 7400K, capacity 8016K, committed 8064K, reserved 1048576K
}
Event: 9.384 GC heap before
{Heap before GC invocations=11 (full 0):
 garbage-first heap   total 258048K, used 162867K [0x0000000080000000, 0x0000000100000000)
  region size 1024K, 122 young (124928K), 12 survivors (12288K)
 Metaspace       used 66027K, capacity 67753K, committed 67888K, reserved 1107968K
  class space    used 8359K, capacity 9031K, committed 9088K, reserved 1048576K
}
Event: 9.398 GC heap after
{Heap after GC invocations=12 (full 0):
 garbage-first heap   total 258048K, used 52331K [0x0000000080000000, 0x0000000100000000)
  region size 1024K, 15 young (15360K), 15 survivors (15360K)
 Metaspace       used 66027K, capacity 67753K, committed 67888K, reserved 1107968K
  class space    used 8359K, capacity 9031K, committed 9088K, reserved 1048576K
}
Event: 11.234 GC heap before
{Heap before GC invocations=12 (full 0):
 garbage-first heap   total 258048K, used 168043K [0x0000000080000000, 0x0000000100000000)
  region size 1024K, 128 young (131072K), 15 survivors (15360K)
 Metaspace       used 76691K, capacity 78632K, committed 78896K, reserved 1118208K
  class space    used 10015K, capacity 10753K, committed 10880K, reserved 1048576K
}
Event: 11.250 GC heap after
{Heap after GC invocations=13 (full 0):
 garbage-first heap   total 258048K, used 59738K [0x0000000080000000, 0x0000000100000000)
  region size 1024K, 8 young (8192K), 8 survivors (8192K)
 Metaspace       used 76691K, capacity 78632K, committed 78896K, reserved 1118208K
  class space    used 10015K, capacity 10753K, committed 10880K, reserved 1048576K
}
Event: 12.541 GC heap before
{Heap before GC invocations=13 (full 0):
 garbage-first heap   total 258048K, used 175450K [0x0000000080000000, 0x0000000100000000)
  region size 1024K, 122 young (124928K), 8 survivors (8192K)
 Metaspace       used 82104K, capacity 84121K, committed 84400K, reserved 1122304K
  class space    used 10677K, capacity 11427K, committed 11520K, reserved 1048576K
}
Event: 12.557 GC heap after
{Heap after GC invocations=14 (full 0):
 garbage-first heap   total 258048K, used 72447K [0x0000000080000000, 0x0000000100000000)
  region size 1024K, 16 young (16384K), 16 survivors (16384K)
 Metaspace       used 82104K, capacity 84121K, committed 84400K, reserved 1122304K
  class space    used 10677K, capacity 11427K, committed 11520K, reserved 1048576K
}
Event: 14.055 GC heap before
{Heap before GC invocations=14 (full 0):
 garbage-first heap   total 258048K, used 182015K [0x0000000080000000, 0x0000000100000000)
  region size 1024K, 124 young (126976K), 16 survivors (16384K)
 Metaspace       used 86619K, capacity 89304K, committed 89648K, reserved 1126400K
  class space    used 11298K, capacity 12301K, committed 12416K, reserved 1048576K
}
Event: 14.080 GC heap after
{Heap after GC invocations=15 (full 0):
 garbage-first heap   total 258048K, used 82489K [0x0000000080000000, 0x0000000100000000)
  region size 1024K, 10 young (10240K), 10 survivors (10240K)
 Metaspace       used 86619K, capacity 89304K, committed 89648K, reserved 1126400K
  class space    used 11298K, capacity 12301K, committed 12416K, reserved 1048576K
}
Event: 14.898 GC heap before
{Heap before GC invocations=15 (full 0):
 garbage-first heap   total 258048K, used 188985K [0x0000000080000000, 0x0000000100000000)
  region size 1024K, 115 young (117760K), 10 survivors (10240K)
 Metaspace       used 87634K, capacity 90391K, committed 90416K, reserved 1128448K
  class space    used 11371K, capacity 12410K, committed 12416K, reserved 1048576K
}
Event: 14.913 GC heap after
{Heap after GC invocations=16 (full 0):
 garbage-first heap   total 258048K, used 90002K [0x0000000080000000, 0x0000000100000000)
  region size 1024K, 8 young (8192K), 8 survivors (8192K)
 Metaspace       used 87634K, capacity 90391K, committed 90416K, reserved 1128448K
  class space    used 11371K, capacity 12410K, committed 12416K, reserved 1048576K
}
Event: 1031.034 GC heap before
{Heap before GC invocations=16 (full 0):
 garbage-first heap   total 258048K, used 196498K [0x0000000080000000, 0x0000000100000000)
  region size 1024K, 111 young (113664K), 8 survivors (8192K)
 Metaspace       used 93950K, capacity 96758K, committed 96944K, reserved 1132544K
  class space    used 11951K, capacity 13021K, committed 13056K, reserved 1048576K
}
Event: 1031.048 GC heap after
{Heap after GC invocations=17 (full 0):
 garbage-first heap   total 258048K, used 97789K [0x0000000080000000, 0x0000000100000000)
  region size 1024K, 13 young (13312K), 13 survivors (13312K)
 Metaspace       used 93950K, capacity 96758K, committed 96944K, reserved 1132544K
  class space    used 11951K, capacity 13021K, committed 13056K, reserved 1048576K
}

